#
# There is insufficient memory for the Java Runtime Environment to continue.
# Native memory allocation (malloc) failed to allocate 113616 bytes for Chunk::new
# Possible reasons:
#   The system is out of physical RAM or swap space
#   The process is running with CompressedOops enabled, and the Java Heap may be blocking the growth of the native heap
# Possible solutions:
#   Reduce memory load on the system
#   Increase physical memory or swap space
#   Check if swap backing store is full
#   Decrease Java heap size (-Xmx/-Xms)
#   Decrease number of Java threads
#   Decrease Java thread stack sizes (-Xss)
#   Set larger code cache with -XX:ReservedCodeCacheSize=
#   JVM is running with Unscaled Compressed Oops mode in which the Java heap is
#     placed in the first 4GB address space. The Java Heap base address is the
#     maximum limit for the native heap growth. Please use -XX:HeapBaseMinAddress
#     to set the Java Heap base and to place the Java Heap above 4GB virtual address.
# This output file may be truncated or incomplete.
#
#  Out of Memory Error (./src/hotspot/share/memory/arena.cpp:197), pid=13016, tid=2724
#
# JRE version: OpenJDK Runtime Environment (11.0.10) (build 11.0.10+0-b96-7249189)
# Java VM: OpenJDK 64-Bit Server VM (11.0.10+0-b96-7249189, mixed mode, tiered, compressed oops, g1 gc, windows-amd64)
# No core dump will be written. Minidumps are not enabled by default on client versions of Windows
#

---------------  S U M M A R Y ------------

Command Line: --add-opens=java.base/java.util=ALL-UNNAMED --add-opens=java.base/java.lang=ALL-UNNAMED --add-opens=java.base/java.lang.invoke=ALL-UNNAMED --add-opens=java.prefs/java.util.prefs=ALL-UNNAMED -Xmx2048m -Dfile.encoding=windows-1252 -Duser.country=US -Duser.language=en -Duser.variant org.gradle.launcher.daemon.bootstrap.GradleDaemon 6.5

Host: Intel(R) Core(TM) i3-5005U CPU @ 2.00GHz, 4 cores, 7G,  Windows 10 , 64 bit Build 19041 (10.0.19041.1151)
Time: Mon Aug 30 01:11:07 2021 India Standard Time elapsed time: 90.507503 seconds (0d 0h 1m 30s)

---------------  T H R E A D  ---------------

Current thread (0x000002a6a8431000):  JavaThread "C2 CompilerThread0" daemon [_thread_in_native, id=2724, stack(0x000000ba69000000,0x000000ba69100000)]


Current CompileTask:
C2:  90508 12840       4       org.objectweb.asm.Type::getArgumentsAndReturnSizes (140 bytes)

Stack: [0x000000ba69000000,0x000000ba69100000]
Native frames: (J=compiled Java code, j=interpreted, Vv=VM code, C=native code)
V  [jvm.dll+0x5ecfaa]
V  [jvm.dll+0x722bd5]
V  [jvm.dll+0x72412d]
V  [jvm.dll+0x7247e3]
V  [jvm.dll+0x242928]
V  [jvm.dll+0xbc4fc]
V  [jvm.dll+0xbca0c]
V  [jvm.dll+0x352d7d]
V  [jvm.dll+0x320ad3]
V  [jvm.dll+0x31ffca]
V  [jvm.dll+0x1fb602]
V  [jvm.dll+0x1fa7f4]
V  [jvm.dll+0x18354c]
V  [jvm.dll+0x208ee7]
V  [jvm.dll+0x207731]
V  [jvm.dll+0x6eb1cf]
V  [jvm.dll+0x6e3d45]
V  [jvm.dll+0x5ebe96]
C  [ucrtbase.dll+0x21bb2]
C  [KERNEL32.DLL+0x17034]
C  [ntdll.dll+0x52651]


---------------  P R O C E S S  ---------------

Threads class SMR info:
_java_thread_list=0x000002a6ad41f3b0, length=59, elements={
0x000002a68e08b000, 0x000002a6a840d000, 0x000002a6a8419000, 0x000002a6a8428000,
0x000002a6a8429800, 0x000002a6a842c800, 0x000002a6a8431000, 0x000002a6a8436000,
0x000002a6a843c000, 0x000002a6a8ef1800, 0x000002a6a9ae2000, 0x000002a6aa6c8800,
0x000002a6a98e4000, 0x000002a6aa879800, 0x000002a6a9e82800, 0x000002a6aa088000,
0x000002a6aa079000, 0x000002a6aa2be800, 0x000002a6aa92b800, 0x000002a6aa92c800,
0x000002a6aa92a000, 0x000002a6aa92b000, 0x000002a6ab853000, 0x000002a6ab857000,
0x000002a6ab853800, 0x000002a6ab854800, 0x000002a6ab852000, 0x000002a6ab855800,
0x000002a6ab85d800, 0x000002a6ab85a800, 0x000002a6ab85c000, 0x000002a6ab85e800,
0x000002a6ad87d000, 0x000002a6ad879800, 0x000002a6ad880000, 0x000002a6ad87b800,
0x000002a6ad87e800, 0x000002a6ad87c000, 0x000002a6aee5f000, 0x000002a6aee5c800,
0x000002a6aee60000, 0x000002a6aee5a800, 0x000002a6aee61000, 0x000002a6aee5c000,
0x000002a6aee5b000, 0x000002a6aee5e800, 0x000002a6aee62800, 0x000002a6aee61800,
0x000002a6aee63800, 0x000002a6aee5d800, 0x000002a6aee64000, 0x000002a6aee67800,
0x000002a6aee65000, 0x000002a6aee69000, 0x000002a6aee66800, 0x000002a6aee68000,
0x000002a6ad875000, 0x000002a6ad872800, 0x000002a6ad876800
}

Java Threads: ( => current thread )
  0x000002a68e08b000 JavaThread "main" [_thread_blocked, id=14060, stack(0x000000ba68400000,0x000000ba68500000)]
  0x000002a6a840d000 JavaThread "Reference Handler" daemon [_thread_blocked, id=2444, stack(0x000000ba68b00000,0x000000ba68c00000)]
  0x000002a6a8419000 JavaThread "Finalizer" daemon [_thread_blocked, id=12216, stack(0x000000ba68c00000,0x000000ba68d00000)]
  0x000002a6a8428000 JavaThread "Signal Dispatcher" daemon [_thread_blocked, id=9056, stack(0x000000ba68d00000,0x000000ba68e00000)]
  0x000002a6a8429800 JavaThread "Attach Listener" daemon [_thread_blocked, id=13908, stack(0x000000ba68e00000,0x000000ba68f00000)]
  0x000002a6a842c800 JavaThread "Service Thread" daemon [_thread_blocked, id=10740, stack(0x000000ba68f00000,0x000000ba69000000)]
=>0x000002a6a8431000 JavaThread "C2 CompilerThread0" daemon [_thread_in_native, id=2724, stack(0x000000ba69000000,0x000000ba69100000)]
  0x000002a6a8436000 JavaThread "C1 CompilerThread0" daemon [_thread_blocked, id=9404, stack(0x000000ba69100000,0x000000ba69200000)]
  0x000002a6a843c000 JavaThread "Sweeper thread" daemon [_thread_blocked, id=2988, stack(0x000000ba69200000,0x000000ba69300000)]
  0x000002a6a8ef1800 JavaThread "Common-Cleaner" daemon [_thread_blocked, id=13116, stack(0x000000ba69300000,0x000000ba69400000)]
  0x000002a6a9ae2000 JavaThread "Daemon health stats" [_thread_blocked, id=4404, stack(0x000000ba69700000,0x000000ba69800000)]
  0x000002a6aa6c8800 JavaThread "Incoming local TCP Connector on port 56344" [_thread_in_native, id=12100, stack(0x000000ba69a00000,0x000000ba69b00000)]
  0x000002a6a98e4000 JavaThread "Daemon periodic checks" [_thread_blocked, id=12796, stack(0x000000ba69b00000,0x000000ba69c00000)]
  0x000002a6aa879800 JavaThread "Daemon" [_thread_blocked, id=6700, stack(0x000000ba69c00000,0x000000ba69d00000)]
  0x000002a6a9e82800 JavaThread "Handler for socket connection from /127.0.0.1:56344 to /127.0.0.1:56345" [_thread_in_native, id=11056, stack(0x000000ba69d00000,0x000000ba69e00000)]
  0x000002a6aa088000 JavaThread "Cancel handler" [_thread_blocked, id=14276, stack(0x000000ba69e00000,0x000000ba69f00000)]
  0x000002a6aa079000 JavaThread "Daemon worker" [_thread_blocked, id=12092, stack(0x000000ba69f00000,0x000000ba6a000000)]
  0x000002a6aa2be800 JavaThread "Asynchronous log dispatcher for DefaultDaemonConnection: socket connection from /127.0.0.1:56344 to /127.0.0.1:56345" [_thread_blocked, id=9104, stack(0x000000ba6a000000,0x000000ba6a100000)]
  0x000002a6aa92b800 JavaThread "Thread-8" [_thread_blocked, id=12812, stack(0x000000ba6a200000,0x000000ba6a300000)]
  0x000002a6aa92c800 JavaThread "Cache worker for journal cache (C:\Users\YASIR RAZA\.gradle\caches\journal-1)" [_thread_blocked, id=15312, stack(0x000000ba6a400000,0x000000ba6a500000)]
  0x000002a6aa92a000 JavaThread "File lock request listener" [_thread_in_native, id=10956, stack(0x000000ba6a500000,0x000000ba6a600000)]
  0x000002a6aa92b000 JavaThread "Cache worker for file hash cache (C:\Users\YASIR RAZA\.gradle\caches\6.5\fileHashes)" [_thread_blocked, id=11336, stack(0x000000ba6a600000,0x000000ba6a700000)]
  0x000002a6ab853000 JavaThread "Cache worker for file hash cache (C:\Users\YASIR RAZA\AndroidStudioProjects\DiceRoller\.gradle\6.5\fileHashes)" [_thread_blocked, id=15004, stack(0x000000ba6a700000,0x000000ba6a800000)]
  0x000002a6ab857000 JavaThread "Cache worker for checksums cache (C:\Users\YASIR RAZA\AndroidStudioProjects\DiceRoller\.gradle\checksums)" [_thread_blocked, id=14872, stack(0x000000ba6a800000,0x000000ba6a900000)]
  0x000002a6ab853800 JavaThread "Cache worker for cache directory md-supplier (C:\Users\YASIR RAZA\.gradle\caches\6.5\md-supplier)" [_thread_blocked, id=9896, stack(0x000000ba6a900000,0x000000ba6aa00000)]
  0x000002a6ab854800 JavaThread "Cache worker for cache directory md-rule (C:\Users\YASIR RAZA\.gradle\caches\6.5\md-rule)" [_thread_blocked, id=13204, stack(0x000000ba6aa00000,0x000000ba6ab00000)]
  0x000002a6ab852000 JavaThread "Cache worker for execution history cache (C:\Users\YASIR RAZA\.gradle\caches\6.5\executionHistory)" [_thread_blocked, id=12624, stack(0x000000ba6ab00000,0x000000ba6ac00000)]
  0x000002a6ab855800 JavaThread "Cache worker for file content cache (C:\Users\YASIR RAZA\.gradle\caches\6.5\fileContent)" [_thread_blocked, id=12040, stack(0x000000ba6ad00000,0x000000ba6ae00000)]
  0x000002a6ab85d800 JavaThread "Build operations" [_thread_blocked, id=13392, stack(0x000000ba6ae00000,0x000000ba6af00000)]
  0x000002a6ab85a800 JavaThread "Build operations Thread 2" [_thread_blocked, id=14648, stack(0x000000ba6af00000,0x000000ba6b000000)]
  0x000002a6ab85c000 JavaThread "Build operations Thread 3" [_thread_blocked, id=14012, stack(0x000000ba6b000000,0x000000ba6b100000)]
  0x000002a6ab85e800 JavaThread "Build operations Thread 4" [_thread_blocked, id=5572, stack(0x000000ba6b100000,0x000000ba6b200000)]
  0x000002a6ad87d000 JavaThread "Cache worker for Build Output Cleanup Cache (C:\Users\YASIR RAZA\AndroidStudioProjects\DiceRoller\.gradle\buildOutputCleanup)" [_thread_blocked, id=432, stack(0x000000ba72200000,0x000000ba72300000)]
  0x000002a6ad879800 JavaThread "pool-1-thread-1" [_thread_blocked, id=12548, stack(0x000000ba72300000,0x000000ba72400000)]
  0x000002a6ad880000 JavaThread "Memory manager" [_thread_blocked, id=5720, stack(0x000000ba72400000,0x000000ba72500000)]
  0x000002a6ad87b800 JavaThread "Cache worker for file content cache (C:\Users\YASIR RAZA\AndroidStudioProjects\DiceRoller\.gradle\6.5\fileContent)" [_thread_blocked, id=14936, stack(0x000000ba72500000,0x000000ba72600000)]
  0x000002a6ad87e800 JavaThread "Execution worker for ':'" [_thread_blocked, id=8736, stack(0x000000ba72600000,0x000000ba72700000)]
  0x000002a6ad87c000 JavaThread "Execution worker for ':' Thread 2" [_thread_in_native, id=7092, stack(0x000000ba72700000,0x000000ba72800000)]
  0x000002a6aee5f000 JavaThread "Execution worker for ':' Thread 3" [_thread_blocked, id=7532, stack(0x000000ba72800000,0x000000ba72900000)]
  0x000002a6aee5c800 JavaThread "Cache worker for execution history cache (C:\Users\YASIR RAZA\AndroidStudioProjects\DiceRoller\.gradle\6.5\executionHistory)" [_thread_blocked, id=11276, stack(0x000000ba72900000,0x000000ba72a00000)]
  0x000002a6aee60000 JavaThread "WorkerExecutor Queue" [_thread_blocked, id=11384, stack(0x000000ba72b00000,0x000000ba72c00000)]
  0x000002a6aee5a800 JavaThread "WorkerExecutor Queue Thread 2" [_thread_blocked, id=15344, stack(0x000000ba72c00000,0x000000ba72d00000)]
  0x000002a6aee61000 JavaThread "WorkerExecutor Queue Thread 3" [_thread_blocked, id=14664, stack(0x000000ba72d00000,0x000000ba72e00000)]
  0x000002a6aee5c000 JavaThread "WorkerExecutor Queue Thread 4" [_thread_blocked, id=12672, stack(0x000000ba72e00000,0x000000ba72f00000)]
  0x000002a6aee5b000 JavaThread "pool-2-thread-1" [_thread_blocked, id=13956, stack(0x000000ba72f00000,0x000000ba73000000)]
  0x000002a6aee5e800 JavaThread "stderr" [_thread_in_native, id=10916, stack(0x000000ba73000000,0x000000ba73100000)]
  0x000002a6aee62800 JavaThread "stdout" [_thread_in_native, id=13212, stack(0x000000ba73100000,0x000000ba73200000)]
  0x000002a6aee61800 JavaThread "stderr" [_thread_in_native, id=4628, stack(0x000000ba73200000,0x000000ba73300000)]
  0x000002a6aee63800 JavaThread "stdout" [_thread_in_native, id=4524, stack(0x000000ba73300000,0x000000ba73400000)]
  0x000002a6aee5d800 JavaThread "stderr" [_thread_in_native, id=13924, stack(0x000000ba73400000,0x000000ba73500000)]
  0x000002a6aee64000 JavaThread "stdout" [_thread_in_native, id=11388, stack(0x000000ba73500000,0x000000ba73600000)]
  0x000002a6aee67800 JavaThread "stderr" [_thread_in_native, id=10200, stack(0x000000ba73600000,0x000000ba73700000)]
  0x000002a6aee65000 JavaThread "stdout" [_thread_in_native, id=13644, stack(0x000000ba73700000,0x000000ba73800000)]
  0x000002a6aee69000 JavaThread "RMI Scheduler(0)" daemon [_thread_blocked, id=12880, stack(0x000000ba73800000,0x000000ba73900000)]
  0x000002a6aee66800 JavaThread "RMI RenewClean-[127.0.0.1:17547,org.jetbrains.kotlin.daemon.common.LoopbackNetworkInterface$ClientLoopbackSocketFactory@3661a47]" daemon [_thread_in_native, id=14736, stack(0x000000ba73900000,0x000000ba73a00000)]
  0x000002a6aee68000 JavaThread "RMI GC Daemon" daemon [_thread_blocked, id=6672, stack(0x000000ba73a00000,0x000000ba73b00000)]
  0x000002a6ad875000 JavaThread "RMI TCP Accept-0" daemon [_thread_in_native, id=5904, stack(0x000000ba68200000,0x000000ba68300000)]
  0x000002a6ad872800 JavaThread "RMI Reaper" [_thread_blocked, id=10036, stack(0x000000ba68300000,0x000000ba68400000)]
  0x000002a6ad876800 JavaThread "RMI TCP Connection(1)-127.0.0.1" daemon [_thread_in_native, id=7816, stack(0x000000ba6a100000,0x000000ba6a200000)]

Other Threads:
  0x000002a6a8408000 VMThread "VM Thread" [stack: 0x000000ba68a00000,0x000000ba68b00000] [id=4244]
  0x000002a6a8f1f800 WatcherThread [stack: 0x000000ba69400000,0x000000ba69500000] [id=12856]
  0x000002a68e0a4000 GCTaskThread "GC Thread#0" [stack: 0x000000ba68500000,0x000000ba68600000] [id=15164]
  0x000002a6a923c000 GCTaskThread "GC Thread#1" [stack: 0x000000ba69500000,0x000000ba69600000] [id=6304]
  0x000002a6a96da800 GCTaskThread "GC Thread#2" [stack: 0x000000ba69600000,0x000000ba69700000] [id=8496]
  0x000002a6aa70f800 GCTaskThread "GC Thread#3" [stack: 0x000000ba6a300000,0x000000ba6a400000] [id=9508]
  0x000002a68e0d4800 ConcurrentGCThread "G1 Main Marker" [stack: 0x000000ba68600000,0x000000ba68700000] [id=4440]
  0x000002a68e0d7000 ConcurrentGCThread "G1 Conc#0" [stack: 0x000000ba68700000,0x000000ba68800000] [id=10936]
  0x000002a68e166000 ConcurrentGCThread "G1 Refine#0" [stack: 0x000000ba68800000,0x000000ba68900000] [id=5596]
  0x000002a68e167000 ConcurrentGCThread "G1 Young RemSet Sampling" [stack: 0x000000ba68900000,0x000000ba68a00000] [id=9368]

Threads with active compile tasks:
C2 CompilerThread0  90656 12840       4       org.objectweb.asm.Type::getArgumentsAndReturnSizes (140 bytes)

VM state:not at safepoint (normal execution)

VM Mutex/Monitor currently owned by a thread: None

OutOfMemory and StackOverflow Exception counts:
OutOfMemoryError java_heap_errors=1
LinkageErrors=154

Heap address: 0x0000000080000000, size: 2048 MB, Compressed Oops mode: 32-bit
Narrow klass base: 0x0000000000000000, Narrow klass shift: 3
Compressed class space size: 1073741824 Address: 0x0000000100000000

Heap:
 garbage-first heap   total 227328K, used 171203K [0x0000000080000000, 0x0000000100000000)
  region size 1024K, 77 young (78848K), 7 survivors (7168K)
 Metaspace       used 95834K, capacity 98287K, committed 98512K, reserved 1134592K
  class space    used 12229K, capacity 13086K, committed 13184K, reserved 1048576K
Heap Regions: E=young(eden), S=young(survivor), O=old, HS=humongous(starts), HC=humongous(continues), CS=collection set, F=free, A=archive, TAMS=top-at-mark-start (previous, next)
|   0|0x0000000080000000, 0x0000000080100000, 0x0000000080100000|100%| O|  |TAMS 0x0000000080100000, 0x0000000080000000| Untracked 
|   1|0x0000000080100000, 0x0000000080200000, 0x0000000080200000|100%| O|  |TAMS 0x0000000080200000, 0x0000000080100000| Untracked 
|   2|0x0000000080200000, 0x0000000080300000, 0x0000000080300000|100%| O|  |TAMS 0x0000000080300000, 0x0000000080200000| Untracked 
|   3|0x0000000080300000, 0x0000000080400000, 0x0000000080400000|100%|HS|  |TAMS 0x0000000080400000, 0x0000000080300000| Complete 
|   4|0x0000000080400000, 0x0000000080500000, 0x0000000080500000|100%|HC|  |TAMS 0x0000000080500000, 0x0000000080400000| Complete 
|   5|0x0000000080500000, 0x0000000080600000, 0x0000000080600000|100%|HC|  |TAMS 0x0000000080600000, 0x0000000080500000| Complete 
|   6|0x0000000080600000, 0x0000000080700000, 0x0000000080700000|100%| O|  |TAMS 0x0000000080700000, 0x0000000080600000| Untracked 
|   7|0x0000000080700000, 0x0000000080800000, 0x0000000080800000|100%| O|  |TAMS 0x0000000080800000, 0x0000000080700000| Untracked 
|   8|0x0000000080800000, 0x0000000080900000, 0x0000000080900000|100%| O|  |TAMS 0x0000000080900000, 0x0000000080800000| Untracked 
|   9|0x0000000080900000, 0x0000000080a00000, 0x0000000080a00000|100%| O|  |TAMS 0x0000000080a00000, 0x0000000080900000| Untracked 
|  10|0x0000000080a00000, 0x0000000080b00000, 0x0000000080b00000|100%| O|  |TAMS 0x0000000080b00000, 0x0000000080a00000| Untracked 
|  11|0x0000000080b00000, 0x0000000080c00000, 0x0000000080c00000|100%| O|  |TAMS 0x0000000080c00000, 0x0000000080b00000| Untracked 
|  12|0x0000000080c00000, 0x0000000080d00000, 0x0000000080d00000|100%| O|  |TAMS 0x0000000080d00000, 0x0000000080c00000| Untracked 
|  13|0x0000000080d00000, 0x0000000080e00000, 0x0000000080e00000|100%|HS|  |TAMS 0x0000000080e00000, 0x0000000080d00000| Complete 
|  14|0x0000000080e00000, 0x0000000080f00000, 0x0000000080f00000|100%|HS|  |TAMS 0x0000000080f00000, 0x0000000080e00000| Complete 
|  15|0x0000000080f00000, 0x0000000081000000, 0x0000000081000000|100%|HC|  |TAMS 0x0000000081000000, 0x0000000080f00000| Complete 
|  16|0x0000000081000000, 0x0000000081100000, 0x0000000081100000|100%| O|  |TAMS 0x0000000081100000, 0x0000000081000000| Untracked 
|  17|0x0000000081100000, 0x0000000081200000, 0x0000000081200000|100%| O|  |TAMS 0x0000000081200000, 0x0000000081100000| Untracked 
|  18|0x0000000081200000, 0x0000000081300000, 0x0000000081300000|100%| O|  |TAMS 0x0000000081300000, 0x0000000081200000| Untracked 
|  19|0x0000000081300000, 0x0000000081400000, 0x0000000081400000|100%| O|  |TAMS 0x0000000081400000, 0x0000000081300000| Untracked 
|  20|0x0000000081400000, 0x0000000081500000, 0x0000000081500000|100%| O|  |TAMS 0x0000000081500000, 0x0000000081400000| Untracked 
|  21|0x0000000081500000, 0x0000000081600000, 0x0000000081600000|100%|HS|  |TAMS 0x0000000081600000, 0x0000000081500000| Complete 
|  22|0x0000000081600000, 0x0000000081700000, 0x0000000081700000|100%|HC|  |TAMS 0x0000000081700000, 0x0000000081600000| Complete 
|  23|0x0000000081700000, 0x0000000081800000, 0x0000000081800000|100%|HC|  |TAMS 0x0000000081800000, 0x0000000081700000| Complete 
|  24|0x0000000081800000, 0x0000000081900000, 0x0000000081900000|100%| O|  |TAMS 0x0000000081900000, 0x0000000081800000| Untracked 
|  25|0x0000000081900000, 0x0000000081a00000, 0x0000000081a00000|100%| O|  |TAMS 0x0000000081a00000, 0x0000000081900000| Untracked 
|  26|0x0000000081a00000, 0x0000000081b00000, 0x0000000081b00000|100%| O|  |TAMS 0x0000000081b00000, 0x0000000081a00000| Untracked 
|  27|0x0000000081b00000, 0x0000000081c00000, 0x0000000081c00000|100%| O|  |TAMS 0x0000000081c00000, 0x0000000081b00000| Untracked 
|  28|0x0000000081c00000, 0x0000000081d00000, 0x0000000081d00000|100%| O|  |TAMS 0x0000000081d00000, 0x0000000081c00000| Untracked 
|  29|0x0000000081d00000, 0x0000000081e00000, 0x0000000081e00000|100%| O|  |TAMS 0x0000000081e00000, 0x0000000081d00000| Untracked 
|  30|0x0000000081e00000, 0x0000000081f00000, 0x0000000081f00000|100%| O|  |TAMS 0x0000000081f00000, 0x0000000081e00000| Untracked 
|  31|0x0000000081f00000, 0x0000000082000000, 0x0000000082000000|100%| O|  |TAMS 0x0000000082000000, 0x0000000081f00000| Untracked 
|  32|0x0000000082000000, 0x0000000082100000, 0x0000000082100000|100%| O|  |TAMS 0x0000000082100000, 0x0000000082000000| Untracked 
|  33|0x0000000082100000, 0x0000000082200000, 0x0000000082200000|100%| O|  |TAMS 0x0000000082200000, 0x0000000082100000| Untracked 
|  34|0x0000000082200000, 0x0000000082300000, 0x0000000082300000|100%| O|  |TAMS 0x0000000082300000, 0x0000000082200000| Untracked 
|  35|0x0000000082300000, 0x0000000082400000, 0x0000000082400000|100%| O|  |TAMS 0x0000000082400000, 0x0000000082300000| Untracked 
|  36|0x0000000082400000, 0x0000000082500000, 0x0000000082500000|100%| O|  |TAMS 0x0000000082500000, 0x0000000082400000| Untracked 
|  37|0x0000000082500000, 0x0000000082600000, 0x0000000082600000|100%| O|  |TAMS 0x0000000082600000, 0x0000000082500000| Untracked 
|  38|0x0000000082600000, 0x0000000082700000, 0x0000000082700000|100%| O|  |TAMS 0x0000000082700000, 0x0000000082600000| Untracked 
|  39|0x0000000082700000, 0x0000000082800000, 0x0000000082800000|100%| O|  |TAMS 0x0000000082800000, 0x0000000082700000| Untracked 
|  40|0x0000000082800000, 0x0000000082900000, 0x0000000082900000|100%| O|  |TAMS 0x0000000082880e00, 0x0000000082800000| Untracked 
|  41|0x0000000082900000, 0x0000000082a00000, 0x0000000082a00000|100%| O|  |TAMS 0x0000000082900000, 0x0000000082900000| Untracked 
|  42|0x0000000082a00000, 0x0000000082b00000, 0x0000000082b00000|100%| O|  |TAMS 0x0000000082a00000, 0x0000000082a00000| Untracked 
|  43|0x0000000082b00000, 0x0000000082c00000, 0x0000000082c00000|100%| O|  |TAMS 0x0000000082b00000, 0x0000000082b00000| Untracked 
|  44|0x0000000082c00000, 0x0000000082d00000, 0x0000000082d00000|100%| O|  |TAMS 0x0000000082c00000, 0x0000000082c00000| Untracked 
|  45|0x0000000082d00000, 0x0000000082e00000, 0x0000000082e00000|100%| O|  |TAMS 0x0000000082d00000, 0x0000000082d00000| Untracked 
|  46|0x0000000082e00000, 0x0000000082f00000, 0x0000000082f00000|100%| O|  |TAMS 0x0000000082e00000, 0x0000000082e00000| Untracked 
|  47|0x0000000082f00000, 0x0000000083000000, 0x0000000083000000|100%| O|  |TAMS 0x0000000082f00000, 0x0000000082f00000| Untracked 
|  48|0x0000000083000000, 0x0000000083100000, 0x0000000083100000|100%| O|  |TAMS 0x0000000083000000, 0x0000000083000000| Untracked 
|  49|0x0000000083100000, 0x0000000083200000, 0x0000000083200000|100%| O|  |TAMS 0x0000000083100000, 0x0000000083100000| Untracked 
|  50|0x0000000083200000, 0x0000000083300000, 0x0000000083300000|100%| O|  |TAMS 0x0000000083200000, 0x0000000083200000| Untracked 
|  51|0x0000000083300000, 0x0000000083400000, 0x0000000083400000|100%| O|  |TAMS 0x0000000083300000, 0x0000000083300000| Untracked 
|  52|0x0000000083400000, 0x0000000083500000, 0x0000000083500000|100%| O|  |TAMS 0x0000000083400000, 0x0000000083400000| Untracked 
|  53|0x0000000083500000, 0x0000000083600000, 0x0000000083600000|100%| O|  |TAMS 0x0000000083500000, 0x0000000083500000| Untracked 
|  54|0x0000000083600000, 0x0000000083700000, 0x0000000083700000|100%| O|  |TAMS 0x0000000083600000, 0x0000000083600000| Untracked 
|  55|0x0000000083700000, 0x0000000083800000, 0x0000000083800000|100%| O|  |TAMS 0x0000000083700000, 0x0000000083700000| Untracked 
|  56|0x0000000083800000, 0x0000000083900000, 0x0000000083900000|100%| O|  |TAMS 0x0000000083800000, 0x0000000083800000| Untracked 
|  57|0x0000000083900000, 0x0000000083a00000, 0x0000000083a00000|100%| O|  |TAMS 0x0000000083900000, 0x0000000083900000| Untracked 
|  58|0x0000000083a00000, 0x0000000083b00000, 0x0000000083b00000|100%| O|  |TAMS 0x0000000083a00000, 0x0000000083a00000| Untracked 
|  59|0x0000000083b00000, 0x0000000083c00000, 0x0000000083c00000|100%| O|  |TAMS 0x0000000083b00000, 0x0000000083b00000| Untracked 
|  60|0x0000000083c00000, 0x0000000083d00000, 0x0000000083d00000|100%| O|  |TAMS 0x0000000083c00000, 0x0000000083c00000| Untracked 
|  61|0x0000000083d00000, 0x0000000083e00000, 0x0000000083e00000|100%| O|  |TAMS 0x0000000083d00000, 0x0000000083d00000| Untracked 
|  62|0x0000000083e00000, 0x0000000083f00000, 0x0000000083f00000|100%| O|  |TAMS 0x0000000083e00000, 0x0000000083e00000| Untracked 
|  63|0x0000000083f00000, 0x0000000084000000, 0x0000000084000000|100%| O|  |TAMS 0x0000000083f00000, 0x0000000083f00000| Untracked 
|  64|0x0000000084000000, 0x0000000084100000, 0x0000000084100000|100%| O|  |TAMS 0x0000000084000000, 0x0000000084000000| Untracked 
|  65|0x0000000084100000, 0x0000000084200000, 0x0000000084200000|100%| O|  |TAMS 0x0000000084100000, 0x0000000084100000| Untracked 
|  66|0x0000000084200000, 0x0000000084300000, 0x0000000084300000|100%|HS|  |TAMS 0x0000000084200000, 0x0000000084200000| Complete 
|  67|0x0000000084300000, 0x0000000084400000, 0x0000000084400000|100%|HC|  |TAMS 0x0000000084300000, 0x0000000084300000| Complete 
|  68|0x0000000084400000, 0x0000000084500000, 0x0000000084500000|100%| O|  |TAMS 0x0000000084400000, 0x0000000084400000| Untracked 
|  69|0x0000000084500000, 0x0000000084600000, 0x0000000084600000|100%| O|  |TAMS 0x0000000084500000, 0x0000000084500000| Untracked 
|  70|0x0000000084600000, 0x0000000084700000, 0x0000000084700000|100%| O|  |TAMS 0x0000000084600000, 0x0000000084600000| Untracked 
|  71|0x0000000084700000, 0x0000000084800000, 0x0000000084800000|100%| O|  |TAMS 0x0000000084700000, 0x0000000084700000| Untracked 
|  72|0x0000000084800000, 0x0000000084900000, 0x0000000084900000|100%| O|  |TAMS 0x0000000084800000, 0x0000000084800000| Untracked 
|  73|0x0000000084900000, 0x0000000084a00000, 0x0000000084a00000|100%| O|  |TAMS 0x0000000084900000, 0x0000000084900000| Untracked 
|  74|0x0000000084a00000, 0x0000000084b00000, 0x0000000084b00000|100%| O|  |TAMS 0x0000000084a00000, 0x0000000084a00000| Untracked 
|  75|0x0000000084b00000, 0x0000000084c00000, 0x0000000084c00000|100%| O|  |TAMS 0x0000000084b00000, 0x0000000084b00000| Untracked 
|  76|0x0000000084c00000, 0x0000000084d00000, 0x0000000084d00000|100%| O|  |TAMS 0x0000000084c00000, 0x0000000084c00000| Untracked 
|  77|0x0000000084d00000, 0x0000000084e00000, 0x0000000084e00000|100%| O|  |TAMS 0x0000000084d00000, 0x0000000084d00000| Untracked 
|  78|0x0000000084e00000, 0x0000000084f00000, 0x0000000084f00000|100%| O|  |TAMS 0x0000000084e00000, 0x0000000084e00000| Untracked 
|  79|0x0000000084f00000, 0x0000000085000000, 0x0000000085000000|100%| O|  |TAMS 0x0000000084f00000, 0x0000000084f00000| Untracked 
|  80|0x0000000085000000, 0x0000000085100000, 0x0000000085100000|100%| O|  |TAMS 0x0000000085000000, 0x0000000085000000| Untracked 
|  81|0x0000000085100000, 0x0000000085200000, 0x0000000085200000|100%| O|  |TAMS 0x0000000085100000, 0x0000000085100000| Untracked 
|  82|0x0000000085200000, 0x0000000085300000, 0x0000000085300000|100%| O|  |TAMS 0x0000000085200000, 0x0000000085200000| Untracked 
|  83|0x0000000085300000, 0x0000000085400000, 0x0000000085400000|100%| O|  |TAMS 0x0000000085300000, 0x0000000085300000| Untracked 
|  84|0x0000000085400000, 0x0000000085500000, 0x0000000085500000|100%| O|  |TAMS 0x0000000085400000, 0x0000000085400000| Untracked 
|  85|0x0000000085500000, 0x0000000085600000, 0x0000000085600000|100%| O|  |TAMS 0x0000000085500000, 0x0000000085500000| Untracked 
|  86|0x0000000085600000, 0x0000000085700000, 0x0000000085700000|100%| O|  |TAMS 0x0000000085600000, 0x0000000085600000| Untracked 
|  87|0x0000000085700000, 0x0000000085800000, 0x0000000085800000|100%| O|  |TAMS 0x0000000085700000, 0x0000000085700000| Untracked 
|  88|0x0000000085800000, 0x0000000085900000, 0x0000000085900000|100%| O|  |TAMS 0x0000000085800000, 0x0000000085800000| Untracked 
|  89|0x0000000085900000, 0x0000000085a00000, 0x0000000085a00000|100%| O|  |TAMS 0x0000000085900000, 0x0000000085900000| Untracked 
|  90|0x0000000085a00000, 0x0000000085b00000, 0x0000000085b00000|100%| O|  |TAMS 0x0000000085a00000, 0x0000000085a00000| Untracked 
|  91|0x0000000085b00000, 0x0000000085bbd400, 0x0000000085c00000| 73%| O|  |TAMS 0x0000000085b00000, 0x0000000085b00000| Untracked 
|  92|0x0000000085c00000, 0x0000000085c00000, 0x0000000085d00000|  0%| F|  |TAMS 0x0000000085c00000, 0x0000000085c00000| Untracked 
|  93|0x0000000085d00000, 0x0000000085d00000, 0x0000000085e00000|  0%| F|  |TAMS 0x0000000085d00000, 0x0000000085d00000| Untracked 
|  94|0x0000000085e00000, 0x0000000085e00000, 0x0000000085f00000|  0%| F|  |TAMS 0x0000000085e00000, 0x0000000085e00000| Untracked 
|  95|0x0000000085f00000, 0x0000000085f00000, 0x0000000086000000|  0%| F|  |TAMS 0x0000000085f00000, 0x0000000085f00000| Untracked 
|  96|0x0000000086000000, 0x0000000086000000, 0x0000000086100000|  0%| F|  |TAMS 0x0000000086000000, 0x0000000086000000| Untracked 
|  97|0x0000000086100000, 0x0000000086100000, 0x0000000086200000|  0%| F|  |TAMS 0x0000000086100000, 0x0000000086100000| Untracked 
|  98|0x0000000086200000, 0x0000000086200000, 0x0000000086300000|  0%| F|  |TAMS 0x0000000086200000, 0x0000000086200000| Untracked 
|  99|0x0000000086300000, 0x0000000086300000, 0x0000000086400000|  0%| F|  |TAMS 0x0000000086300000, 0x0000000086300000| Untracked 
| 100|0x0000000086400000, 0x0000000086400000, 0x0000000086500000|  0%| F|  |TAMS 0x0000000086400000, 0x0000000086400000| Untracked 
| 101|0x0000000086500000, 0x0000000086500000, 0x0000000086600000|  0%| F|  |TAMS 0x0000000086500000, 0x0000000086500000| Untracked 
| 102|0x0000000086600000, 0x0000000086600000, 0x0000000086700000|  0%| F|  |TAMS 0x0000000086600000, 0x0000000086600000| Untracked 
| 103|0x0000000086700000, 0x0000000086700000, 0x0000000086800000|  0%| F|  |TAMS 0x0000000086700000, 0x0000000086700000| Untracked 
| 104|0x0000000086800000, 0x0000000086800000, 0x0000000086900000|  0%| F|  |TAMS 0x0000000086800000, 0x0000000086800000| Untracked 
| 105|0x0000000086900000, 0x0000000086900000, 0x0000000086a00000|  0%| F|  |TAMS 0x0000000086900000, 0x0000000086900000| Untracked 
| 106|0x0000000086a00000, 0x0000000086a00000, 0x0000000086b00000|  0%| F|  |TAMS 0x0000000086a00000, 0x0000000086a00000| Untracked 
| 107|0x0000000086b00000, 0x0000000086b00000, 0x0000000086c00000|  0%| F|  |TAMS 0x0000000086b00000, 0x0000000086b00000| Untracked 
| 108|0x0000000086c00000, 0x0000000086c00000, 0x0000000086d00000|  0%| F|  |TAMS 0x0000000086c00000, 0x0000000086c00000| Untracked 
| 109|0x0000000086d00000, 0x0000000086d00000, 0x0000000086e00000|  0%| F|  |TAMS 0x0000000086d00000, 0x0000000086d00000| Untracked 
| 110|0x0000000086e00000, 0x0000000086e00000, 0x0000000086f00000|  0%| F|  |TAMS 0x0000000086e00000, 0x0000000086e00000| Untracked 
| 111|0x0000000086f00000, 0x0000000086f00000, 0x0000000087000000|  0%| F|  |TAMS 0x0000000086f00000, 0x0000000086f00000| Untracked 
| 112|0x0000000087000000, 0x0000000087000000, 0x0000000087100000|  0%| F|  |TAMS 0x0000000087000000, 0x0000000087000000| Untracked 
| 113|0x0000000087100000, 0x0000000087100000, 0x0000000087200000|  0%| F|  |TAMS 0x0000000087100000, 0x0000000087100000| Untracked 
| 114|0x0000000087200000, 0x0000000087200000, 0x0000000087300000|  0%| F|  |TAMS 0x0000000087200000, 0x0000000087200000| Untracked 
| 115|0x0000000087300000, 0x0000000087300000, 0x0000000087400000|  0%| F|  |TAMS 0x0000000087300000, 0x0000000087300000| Untracked 
| 116|0x0000000087400000, 0x0000000087400000, 0x0000000087500000|  0%| F|  |TAMS 0x0000000087400000, 0x0000000087400000| Untracked 
| 117|0x0000000087500000, 0x0000000087500000, 0x0000000087600000|  0%| F|  |TAMS 0x0000000087500000, 0x0000000087500000| Untracked 
| 118|0x0000000087600000, 0x0000000087600000, 0x0000000087700000|  0%| F|  |TAMS 0x0000000087600000, 0x0000000087600000| Untracked 
| 119|0x0000000087700000, 0x0000000087700000, 0x0000000087800000|  0%| F|  |TAMS 0x0000000087700000, 0x0000000087700000| Untracked 
| 120|0x0000000087800000, 0x0000000087800000, 0x0000000087900000|  0%| F|  |TAMS 0x0000000087800000, 0x0000000087800000| Untracked 
| 121|0x0000000087900000, 0x0000000087900000, 0x0000000087a00000|  0%| F|  |TAMS 0x0000000087900000, 0x0000000087900000| Untracked 
| 122|0x0000000087a00000, 0x0000000087a00000, 0x0000000087b00000|  0%| F|  |TAMS 0x0000000087a00000, 0x0000000087a00000| Untracked 
| 123|0x0000000087b00000, 0x0000000087b00000, 0x0000000087c00000|  0%| F|  |TAMS 0x0000000087b00000, 0x0000000087b00000| Untracked 
| 124|0x0000000087c00000, 0x0000000087c00000, 0x0000000087d00000|  0%| F|  |TAMS 0x0000000087c00000, 0x0000000087c00000| Untracked 
| 125|0x0000000087d00000, 0x0000000087d00000, 0x0000000087e00000|  0%| F|  |TAMS 0x0000000087d00000, 0x0000000087d00000| Untracked 
| 126|0x0000000087e00000, 0x0000000087e00000, 0x0000000087f00000|  0%| F|  |TAMS 0x0000000087e00000, 0x0000000087e00000| Untracked 
| 127|0x0000000087f00000, 0x0000000087f00000, 0x0000000088000000|  0%| F|  |TAMS 0x0000000087f00000, 0x0000000087f00000| Untracked 
| 128|0x0000000088000000, 0x00000000880738c0, 0x0000000088100000| 45%| S|CS|TAMS 0x0000000088000000, 0x0000000088000000| Complete 
| 129|0x0000000088100000, 0x0000000088200000, 0x0000000088200000|100%| S|CS|TAMS 0x0000000088100000, 0x0000000088100000| Complete 
| 130|0x0000000088200000, 0x0000000088300000, 0x0000000088300000|100%| S|CS|TAMS 0x0000000088200000, 0x0000000088200000| Complete 
| 131|0x0000000088300000, 0x0000000088400000, 0x0000000088400000|100%| S|CS|TAMS 0x0000000088300000, 0x0000000088300000| Complete 
| 132|0x0000000088400000, 0x0000000088500000, 0x0000000088500000|100%| S|CS|TAMS 0x0000000088400000, 0x0000000088400000| Complete 
| 133|0x0000000088500000, 0x0000000088600000, 0x0000000088600000|100%| S|CS|TAMS 0x0000000088500000, 0x0000000088500000| Complete 
| 134|0x0000000088600000, 0x0000000088700000, 0x0000000088700000|100%| S|CS|TAMS 0x0000000088600000, 0x0000000088600000| Complete 
| 135|0x0000000088700000, 0x0000000088700000, 0x0000000088800000|  0%| F|  |TAMS 0x0000000088700000, 0x0000000088700000| Untracked 
| 136|0x0000000088800000, 0x0000000088800000, 0x0000000088900000|  0%| F|  |TAMS 0x0000000088800000, 0x0000000088800000| Untracked 
| 137|0x0000000088900000, 0x0000000088900000, 0x0000000088a00000|  0%| F|  |TAMS 0x0000000088900000, 0x0000000088900000| Untracked 
| 138|0x0000000088a00000, 0x0000000088a00000, 0x0000000088b00000|  0%| F|  |TAMS 0x0000000088a00000, 0x0000000088a00000| Untracked 
| 139|0x0000000088b00000, 0x0000000088b00000, 0x0000000088c00000|  0%| F|  |TAMS 0x0000000088b00000, 0x0000000088b00000| Untracked 
| 140|0x0000000088c00000, 0x0000000088c00000, 0x0000000088d00000|  0%| F|  |TAMS 0x0000000088c00000, 0x0000000088c00000| Untracked 
| 141|0x0000000088d00000, 0x0000000088d00000, 0x0000000088e00000|  0%| F|  |TAMS 0x0000000088d00000, 0x0000000088d00000| Untracked 
| 142|0x0000000088e00000, 0x0000000088e00000, 0x0000000088f00000|  0%| F|  |TAMS 0x0000000088e00000, 0x0000000088e00000| Untracked 
| 143|0x0000000088f00000, 0x0000000088f00000, 0x0000000089000000|  0%| F|  |TAMS 0x0000000088f00000, 0x0000000088f00000| Untracked 
| 144|0x0000000089000000, 0x0000000089000000, 0x0000000089100000|  0%| F|  |TAMS 0x0000000089000000, 0x0000000089000000| Untracked 
| 145|0x0000000089100000, 0x0000000089100000, 0x0000000089200000|  0%| F|  |TAMS 0x0000000089100000, 0x0000000089100000| Untracked 
| 146|0x0000000089200000, 0x0000000089200000, 0x0000000089300000|  0%| F|  |TAMS 0x0000000089200000, 0x0000000089200000| Untracked 
| 147|0x0000000089300000, 0x0000000089300000, 0x0000000089400000|  0%| F|  |TAMS 0x0000000089300000, 0x0000000089300000| Untracked 
| 148|0x0000000089400000, 0x0000000089400000, 0x0000000089500000|  0%| F|  |TAMS 0x0000000089400000, 0x0000000089400000| Untracked 
| 149|0x0000000089500000, 0x0000000089500000, 0x0000000089600000|  0%| F|  |TAMS 0x0000000089500000, 0x0000000089500000| Untracked 
| 150|0x0000000089600000, 0x0000000089600000, 0x0000000089700000|  0%| F|  |TAMS 0x0000000089600000, 0x0000000089600000| Untracked 
| 151|0x0000000089700000, 0x0000000089700000, 0x0000000089800000|  0%| F|  |TAMS 0x0000000089700000, 0x0000000089700000| Untracked 
| 152|0x0000000089800000, 0x00000000898fcf88, 0x0000000089900000| 98%| E|  |TAMS 0x0000000089800000, 0x0000000089800000| Complete 
| 153|0x0000000089900000, 0x0000000089a00000, 0x0000000089a00000|100%| E|CS|TAMS 0x0000000089900000, 0x0000000089900000| Complete 
| 154|0x0000000089a00000, 0x0000000089b00000, 0x0000000089b00000|100%| E|CS|TAMS 0x0000000089a00000, 0x0000000089a00000| Complete 
| 155|0x0000000089b00000, 0x0000000089c00000, 0x0000000089c00000|100%| E|CS|TAMS 0x0000000089b00000, 0x0000000089b00000| Complete 
| 156|0x0000000089c00000, 0x0000000089d00000, 0x0000000089d00000|100%| E|CS|TAMS 0x0000000089c00000, 0x0000000089c00000| Complete 
| 157|0x0000000089d00000, 0x0000000089e00000, 0x0000000089e00000|100%| E|CS|TAMS 0x0000000089d00000, 0x0000000089d00000| Complete 
| 158|0x0000000089e00000, 0x0000000089f00000, 0x0000000089f00000|100%| E|CS|TAMS 0x0000000089e00000, 0x0000000089e00000| Complete 
| 159|0x0000000089f00000, 0x000000008a000000, 0x000000008a000000|100%| E|CS|TAMS 0x0000000089f00000, 0x0000000089f00000| Complete 
| 160|0x000000008a000000, 0x000000008a100000, 0x000000008a100000|100%| E|CS|TAMS 0x000000008a000000, 0x000000008a000000| Complete 
| 161|0x000000008a100000, 0x000000008a200000, 0x000000008a200000|100%| E|CS|TAMS 0x000000008a100000, 0x000000008a100000| Complete 
| 162|0x000000008a200000, 0x000000008a300000, 0x000000008a300000|100%| E|CS|TAMS 0x000000008a200000, 0x000000008a200000| Complete 
| 163|0x000000008a300000, 0x000000008a400000, 0x000000008a400000|100%| E|CS|TAMS 0x000000008a300000, 0x000000008a300000| Complete 
| 164|0x000000008a400000, 0x000000008a500000, 0x000000008a500000|100%| E|CS|TAMS 0x000000008a400000, 0x000000008a400000| Complete 
| 165|0x000000008a500000, 0x000000008a600000, 0x000000008a600000|100%| E|CS|TAMS 0x000000008a500000, 0x000000008a500000| Complete 
| 166|0x000000008a600000, 0x000000008a700000, 0x000000008a700000|100%| E|CS|TAMS 0x000000008a600000, 0x000000008a600000| Complete 
| 167|0x000000008a700000, 0x000000008a800000, 0x000000008a800000|100%| E|CS|TAMS 0x000000008a700000, 0x000000008a700000| Complete 
| 168|0x000000008a800000, 0x000000008a900000, 0x000000008a900000|100%| E|CS|TAMS 0x000000008a800000, 0x000000008a800000| Complete 
| 169|0x000000008a900000, 0x000000008aa00000, 0x000000008aa00000|100%| E|CS|TAMS 0x000000008a900000, 0x000000008a900000| Complete 
| 170|0x000000008aa00000, 0x000000008ab00000, 0x000000008ab00000|100%| E|CS|TAMS 0x000000008aa00000, 0x000000008aa00000| Complete 
| 171|0x000000008ab00000, 0x000000008ac00000, 0x000000008ac00000|100%| E|CS|TAMS 0x000000008ab00000, 0x000000008ab00000| Complete 
| 172|0x000000008ac00000, 0x000000008ad00000, 0x000000008ad00000|100%| E|CS|TAMS 0x000000008ac00000, 0x000000008ac00000| Complete 
| 173|0x000000008ad00000, 0x000000008ae00000, 0x000000008ae00000|100%| E|CS|TAMS 0x000000008ad00000, 0x000000008ad00000| Complete 
| 174|0x000000008ae00000, 0x000000008af00000, 0x000000008af00000|100%| E|CS|TAMS 0x000000008ae00000, 0x000000008ae00000| Complete 
| 175|0x000000008af00000, 0x000000008b000000, 0x000000008b000000|100%| E|CS|TAMS 0x000000008af00000, 0x000000008af00000| Complete 
| 176|0x000000008b000000, 0x000000008b100000, 0x000000008b100000|100%| E|CS|TAMS 0x000000008b000000, 0x000000008b000000| Complete 
| 177|0x000000008b100000, 0x000000008b200000, 0x000000008b200000|100%| E|CS|TAMS 0x000000008b100000, 0x000000008b100000| Complete 
| 178|0x000000008b200000, 0x000000008b300000, 0x000000008b300000|100%| E|CS|TAMS 0x000000008b200000, 0x000000008b200000| Complete 
| 179|0x000000008b300000, 0x000000008b400000, 0x000000008b400000|100%| E|CS|TAMS 0x000000008b300000, 0x000000008b300000| Complete 
| 180|0x000000008b400000, 0x000000008b500000, 0x000000008b500000|100%| E|CS|TAMS 0x000000008b400000, 0x000000008b400000| Complete 
| 181|0x000000008b500000, 0x000000008b600000, 0x000000008b600000|100%| E|CS|TAMS 0x000000008b500000, 0x000000008b500000| Complete 
| 182|0x000000008b600000, 0x000000008b700000, 0x000000008b700000|100%| E|CS|TAMS 0x000000008b600000, 0x000000008b600000| Complete 
| 183|0x000000008b700000, 0x000000008b800000, 0x000000008b800000|100%| E|CS|TAMS 0x000000008b700000, 0x000000008b700000| Complete 
| 184|0x000000008b800000, 0x000000008b900000, 0x000000008b900000|100%| E|CS|TAMS 0x000000008b800000, 0x000000008b800000| Complete 
| 185|0x000000008b900000, 0x000000008ba00000, 0x000000008ba00000|100%| E|CS|TAMS 0x000000008b900000, 0x000000008b900000| Complete 
| 186|0x000000008ba00000, 0x000000008bb00000, 0x000000008bb00000|100%| E|CS|TAMS 0x000000008ba00000, 0x000000008ba00000| Complete 
| 187|0x000000008bb00000, 0x000000008bc00000, 0x000000008bc00000|100%| E|CS|TAMS 0x000000008bb00000, 0x000000008bb00000| Complete 
| 188|0x000000008bc00000, 0x000000008bd00000, 0x000000008bd00000|100%| E|CS|TAMS 0x000000008bc00000, 0x000000008bc00000| Complete 
| 189|0x000000008bd00000, 0x000000008be00000, 0x000000008be00000|100%| E|CS|TAMS 0x000000008bd00000, 0x000000008bd00000| Complete 
| 190|0x000000008be00000, 0x000000008bf00000, 0x000000008bf00000|100%| E|CS|TAMS 0x000000008be00000, 0x000000008be00000| Complete 
| 191|0x000000008bf00000, 0x000000008c000000, 0x000000008c000000|100%| E|CS|TAMS 0x000000008bf00000, 0x000000008bf00000| Complete 
| 192|0x000000008c000000, 0x000000008c100000, 0x000000008c100000|100%| E|CS|TAMS 0x000000008c000000, 0x000000008c000000| Complete 
| 193|0x000000008c100000, 0x000000008c200000, 0x000000008c200000|100%| E|CS|TAMS 0x000000008c100000, 0x000000008c100000| Complete 
| 194|0x000000008c200000, 0x000000008c300000, 0x000000008c300000|100%| E|CS|TAMS 0x000000008c200000, 0x000000008c200000| Complete 
| 195|0x000000008c300000, 0x000000008c400000, 0x000000008c400000|100%| E|CS|TAMS 0x000000008c300000, 0x000000008c300000| Complete 
| 196|0x000000008c400000, 0x000000008c500000, 0x000000008c500000|100%| E|CS|TAMS 0x000000008c400000, 0x000000008c400000| Complete 
| 197|0x000000008c500000, 0x000000008c600000, 0x000000008c600000|100%| E|CS|TAMS 0x000000008c500000, 0x000000008c500000| Complete 
| 198|0x000000008c600000, 0x000000008c700000, 0x000000008c700000|100%| E|CS|TAMS 0x000000008c600000, 0x000000008c600000| Complete 
| 199|0x000000008c700000, 0x000000008c800000, 0x000000008c800000|100%| E|CS|TAMS 0x000000008c700000, 0x000000008c700000| Complete 
| 200|0x000000008c800000, 0x000000008c900000, 0x000000008c900000|100%| E|CS|TAMS 0x000000008c800000, 0x000000008c800000| Complete 
| 201|0x000000008c900000, 0x000000008ca00000, 0x000000008ca00000|100%| E|CS|TAMS 0x000000008c900000, 0x000000008c900000| Complete 
| 202|0x000000008ca00000, 0x000000008cb00000, 0x000000008cb00000|100%| E|CS|TAMS 0x000000008ca00000, 0x000000008ca00000| Complete 
| 203|0x000000008cb00000, 0x000000008cc00000, 0x000000008cc00000|100%| E|CS|TAMS 0x000000008cb00000, 0x000000008cb00000| Complete 
| 204|0x000000008cc00000, 0x000000008cd00000, 0x000000008cd00000|100%| E|CS|TAMS 0x000000008cc00000, 0x000000008cc00000| Complete 
| 205|0x000000008cd00000, 0x000000008ce00000, 0x000000008ce00000|100%| E|CS|TAMS 0x000000008cd00000, 0x000000008cd00000| Complete 
| 206|0x000000008ce00000, 0x000000008cf00000, 0x000000008cf00000|100%| E|CS|TAMS 0x000000008ce00000, 0x000000008ce00000| Complete 
| 207|0x000000008cf00000, 0x000000008d000000, 0x000000008d000000|100%| E|CS|TAMS 0x000000008cf00000, 0x000000008cf00000| Complete 
| 208|0x000000008d000000, 0x000000008d100000, 0x000000008d100000|100%| E|CS|TAMS 0x000000008d000000, 0x000000008d000000| Complete 
| 209|0x000000008d100000, 0x000000008d200000, 0x000000008d200000|100%| E|CS|TAMS 0x000000008d100000, 0x000000008d100000| Complete 
| 210|0x000000008d200000, 0x000000008d300000, 0x000000008d300000|100%| E|CS|TAMS 0x000000008d200000, 0x000000008d200000| Complete 
| 211|0x000000008d300000, 0x000000008d400000, 0x000000008d400000|100%| E|CS|TAMS 0x000000008d300000, 0x000000008d300000| Complete 
| 212|0x000000008d400000, 0x000000008d500000, 0x000000008d500000|100%| E|CS|TAMS 0x000000008d400000, 0x000000008d400000| Complete 
| 213|0x000000008d500000, 0x000000008d600000, 0x000000008d600000|100%| E|CS|TAMS 0x000000008d500000, 0x000000008d500000| Complete 
| 214|0x000000008d600000, 0x000000008d700000, 0x000000008d700000|100%| E|CS|TAMS 0x000000008d600000, 0x000000008d600000| Complete 
| 215|0x000000008d700000, 0x000000008d800000, 0x000000008d800000|100%| E|CS|TAMS 0x000000008d700000, 0x000000008d700000| Complete 
| 216|0x000000008d800000, 0x000000008d900000, 0x000000008d900000|100%| E|CS|TAMS 0x000000008d800000, 0x000000008d800000| Complete 
| 217|0x000000008d900000, 0x000000008da00000, 0x000000008da00000|100%| E|CS|TAMS 0x000000008d900000, 0x000000008d900000| Complete 
| 218|0x000000008da00000, 0x000000008db00000, 0x000000008db00000|100%| E|CS|TAMS 0x000000008da00000, 0x000000008da00000| Complete 
| 219|0x000000008db00000, 0x000000008dc00000, 0x000000008dc00000|100%| E|CS|TAMS 0x000000008db00000, 0x000000008db00000| Complete 
| 220|0x000000008dc00000, 0x000000008dd00000, 0x000000008dd00000|100%| E|CS|TAMS 0x000000008dc00000, 0x000000008dc00000| Complete 
| 221|0x000000008dd00000, 0x000000008de00000, 0x000000008de00000|100%| E|CS|TAMS 0x000000008dd00000, 0x000000008dd00000| Complete 

Card table byte_map: [0x000002a6a15d0000,0x000002a6a19d0000] _byte_map_base: 0x000002a6a11d0000

Marking Bits (Prev, Next): (CMBitMap*) 0x000002a68e0cbe10, (CMBitMap*) 0x000002a68e0cbdd8
 Prev Bits: [0x000002a6a3dd0000, 0x000002a6a5dd0000)
 Next Bits: [0x000002a6a1dd0000, 0x000002a6a3dd0000)

Polling page: 0x000002a691b80000

Metaspace:

Usage:
  Non-class:     83.21 MB capacity,    81.65 MB ( 98%) used,     1.31 MB (  2%) free+waste,   255.75 KB ( <1%) overhead. 
      Class:     12.78 MB capacity,    11.94 MB ( 93%) used,   739.96 KB (  6%) free+waste,   117.00 KB ( <1%) overhead. 
       Both:     95.99 MB capacity,    93.59 MB ( 98%) used,     2.03 MB (  2%) free+waste,   372.75 KB ( <1%) overhead. 

Virtual space:
  Non-class space:       84.00 MB reserved,      83.33 MB (>99%) committed 
      Class space:        1.00 GB reserved,      12.88 MB (  1%) committed 
             Both:        1.08 GB reserved,      96.20 MB (  9%) committed 

Chunk freelists:
   Non-Class:  2.00 KB
       Class:  1.00 KB
        Both:  3.00 KB

MaxMetaspaceSize: 17179869184.00 GB
CompressedClassSpaceSize: 1.00 GB

CodeHeap 'non-profiled nmethods': size=120064Kb used=6164Kb max_used=6164Kb free=113899Kb
 bounds [0x000002a699660000, 0x000002a699c70000, 0x000002a6a0ba0000]
CodeHeap 'profiled nmethods': size=120000Kb used=26572Kb max_used=26572Kb free=93427Kb
 bounds [0x000002a692130000, 0x000002a693b30000, 0x000002a699660000]
CodeHeap 'non-nmethods': size=5696Kb used=2339Kb max_used=2373Kb free=3356Kb
 bounds [0x000002a691ba0000, 0x000002a691e10000, 0x000002a692130000]
 total_blobs=13537 nmethods=12571 adapters=876
 compilation: enabled
              stopped_count=0, restarted_count=0
 full_count=0

Compilation events (20 events):
Event: 89.608 Thread 0x000002a6a8431000 nmethod 12807 0x000002a699c4f090 code [0x000002a699c4f320, 0x000002a699c4fca8]
Event: 89.608 Thread 0x000002a6a8431000 12773       4       org.objectweb.asm.MethodWriter::visitMaxs (60 bytes)
Event: 89.611 Thread 0x000002a6a8431000 nmethod 12773 0x000002a699c50610 code [0x000002a699c507c0, 0x000002a699c50898]
Event: 89.611 Thread 0x000002a6a8431000 12808       4       org.objectweb.asm.Handler::putExceptionTable (63 bytes)
Event: 89.615 Thread 0x000002a6a8431000 nmethod 12808 0x000002a699c50990 code [0x000002a699c50b40, 0x000002a699c50c88]
Event: 89.616 Thread 0x000002a6a8431000 12792       4       org.objectweb.asm.MethodWriter::visitCode (1 bytes)
Event: 89.616 Thread 0x000002a6a8431000 nmethod 12792 0x000002a699c50e90 code [0x000002a699c51020, 0x000002a699c51078]
Event: 89.616 Thread 0x000002a6a8431000 12814       4       com.google.common.collect.ImmutableCollection::toArray (67 bytes)
Event: 89.628 Thread 0x000002a6a8431000 nmethod 12814 0x000002a699c51110 code [0x000002a699c512c0, 0x000002a699c516e8]
Event: 89.628 Thread 0x000002a6a8431000 12831       4       org.objectweb.asm.ClassReader::getFirstAttributeOffset (136 bytes)
Event: 89.649 Thread 0x000002a6a8431000 nmethod 12831 0x000002a699c51a10 code [0x000002a699c51bc0, 0x000002a699c52078]
Event: 89.649 Thread 0x000002a6a8431000 12832       4       com.google.common.collect.ImmutableCollection::toArray (67 bytes)
Event: 89.662 Thread 0x000002a6a8431000 nmethod 12832 0x000002a699c52490 code [0x000002a699c52640, 0x000002a699c52b08]
Event: 89.662 Thread 0x000002a6a8431000 12830       4       org.objectweb.asm.ClassWriter::toByteArray (1513 bytes)
Event: 90.045 Thread 0x000002a6a8431000 nmethod 12830 0x000002a699c52e10 code [0x000002a699c53540, 0x000002a699c58398]
Event: 90.046 Thread 0x000002a6a8431000 12838       4       org.objectweb.asm.ClassReader::readMethod (1061 bytes)
Event: 90.356 Thread 0x000002a6a8436000 12841       2       org.gradle.internal.normalization.java.impl.ApiMemberSelector::visitAnnotationMembers (90 bytes)
Event: 90.357 Thread 0x000002a6a8436000 nmethod 12841 0x000002a693b22490 code [0x000002a693b226a0, 0x000002a693b229d8]
Event: 90.480 Thread 0x000002a6a8431000 nmethod 12838 0x000002a699c5c190 code [0x000002a699c5c6a0, 0x000002a699c61cf0]
Event: 90.480 Thread 0x000002a6a8431000 12840       4       org.objectweb.asm.Type::getArgumentsAndReturnSizes (140 bytes)

GC Heap History (20 events):
Event: 14.410 GC heap before
{Heap before GC invocations=14 (full 0):
 garbage-first heap   total 189440K, used 122938K [0x0000000080000000, 0x0000000100000000)
  region size 1024K, 80 young (81920K), 7 survivors (7168K)
 Metaspace       used 65802K, capacity 67234K, committed 67536K, reserved 1107968K
  class space    used 8429K, capacity 8970K, committed 9088K, reserved 1048576K
}
Event: 14.444 GC heap after
{Heap after GC invocations=15 (full 0):
 garbage-first heap   total 189440K, used 53831K [0x0000000080000000, 0x0000000100000000)
  region size 1024K, 8 young (8192K), 8 survivors (8192K)
 Metaspace       used 65802K, capacity 67234K, committed 67536K, reserved 1107968K
  class space    used 8429K, capacity 8970K, committed 9088K, reserved 1048576K
}
Event: 16.429 GC heap before
{Heap before GC invocations=15 (full 0):
 garbage-first heap   total 189440K, used 129607K [0x0000000080000000, 0x0000000100000000)
  region size 1024K, 82 young (83968K), 8 survivors (8192K)
 Metaspace       used 73027K, capacity 74659K, committed 74960K, reserved 1114112K
  class space    used 9453K, capacity 10026K, committed 10112K, reserved 1048576K
}
Event: 16.463 GC heap after
{Heap after GC invocations=16 (full 0):
 garbage-first heap   total 189440K, used 58572K [0x0000000080000000, 0x0000000100000000)
  region size 1024K, 11 young (11264K), 11 survivors (11264K)
 Metaspace       used 73027K, capacity 74659K, committed 74960K, reserved 1114112K
  class space    used 9453K, capacity 10026K, committed 10112K, reserved 1048576K
}
Event: 19.860 GC heap before
{Heap before GC invocations=16 (full 0):
 garbage-first heap   total 189440K, used 134348K [0x0000000080000000, 0x0000000100000000)
  region size 1024K, 86 young (88064K), 11 survivors (11264K)
 Metaspace       used 77759K, capacity 79559K, committed 79696K, reserved 1118208K
  class space    used 10082K, capacity 10728K, committed 10752K, reserved 1048576K
}
Event: 19.917 GC heap after
{Heap after GC invocations=17 (full 0):
 garbage-first heap   total 227328K, used 66560K [0x0000000080000000, 0x0000000100000000)
  region size 1024K, 11 young (11264K), 11 survivors (11264K)
 Metaspace       used 77759K, capacity 79559K, committed 79696K, reserved 1118208K
  class space    used 10082K, capacity 10728K, committed 10752K, reserved 1048576K
}
Event: 23.870 GC heap before
{Heap before GC invocations=17 (full 0):
 garbage-first heap   total 227328K, used 159744K [0x0000000080000000, 0x0000000100000000)
  region size 1024K, 103 young (105472K), 11 survivors (11264K)
 Metaspace       used 83340K, capacity 85269K, committed 85584K, reserved 1124352K
  class space    used 10713K, capacity 11407K, committed 11520K, reserved 1048576K
}
Event: 23.914 GC heap after
{Heap after GC invocations=18 (full 0):
 garbage-first heap   total 227328K, used 78952K [0x0000000080000000, 0x0000000100000000)
  region size 1024K, 12 young (12288K), 12 survivors (12288K)
 Metaspace       used 83340K, capacity 85269K, committed 85584K, reserved 1124352K
  class space    used 10713K, capacity 11407K, committed 11520K, reserved 1048576K
}
Event: 27.677 GC heap before
{Heap before GC invocations=18 (full 0):
 garbage-first heap   total 227328K, used 172136K [0x0000000080000000, 0x0000000100000000)
  region size 1024K, 99 young (101376K), 12 survivors (12288K)
 Metaspace       used 88306K, capacity 90347K, committed 90448K, reserved 1128448K
  class space    used 11296K, capacity 12023K, committed 12032K, reserved 1048576K
}
Event: 27.709 GC heap after
{Heap after GC invocations=19 (full 0):
 garbage-first heap   total 227328K, used 83433K [0x0000000080000000, 0x0000000100000000)
  region size 1024K, 6 young (6144K), 6 survivors (6144K)
 Metaspace       used 88306K, capacity 90347K, committed 90448K, reserved 1128448K
  class space    used 11296K, capacity 12023K, committed 12032K, reserved 1048576K
}
Event: 32.591 GC heap before
{Heap before GC invocations=19 (full 0):
 garbage-first heap   total 227328K, used 172521K [0x0000000080000000, 0x0000000100000000)
  region size 1024K, 94 young (96256K), 6 survivors (6144K)
 Metaspace       used 89853K, capacity 92096K, committed 92240K, reserved 1130496K
  class space    used 11469K, capacity 12258K, committed 12288K, reserved 1048576K
}
Event: 32.611 GC heap after
{Heap after GC invocations=20 (full 0):
 garbage-first heap   total 227328K, used 85124K [0x0000000080000000, 0x0000000100000000)
  region size 1024K, 8 young (8192K), 8 survivors (8192K)
 Metaspace       used 89853K, capacity 92096K, committed 92240K, reserved 1130496K
  class space    used 11469K, capacity 12258K, committed 12288K, reserved 1048576K
}
Event: 36.092 GC heap before
{Heap before GC invocations=20 (full 0):
 garbage-first heap   total 227328K, used 177284K [0x0000000080000000, 0x0000000100000000)
  region size 1024K, 97 young (99328K), 8 survivors (8192K)
 Metaspace       used 93371K, capacity 95591K, committed 95696K, reserved 1132544K
  class space    used 11865K, capacity 12641K, committed 12672K, reserved 1048576K
}
Event: 36.119 GC heap after
{Heap after GC invocations=21 (full 0):
 garbage-first heap   total 227328K, used 93634K [0x0000000080000000, 0x0000000100000000)
  region size 1024K, 10 young (10240K), 10 survivors (10240K)
 Metaspace       used 93371K, capacity 95591K, committed 95696K, reserved 1132544K
  class space    used 11865K, capacity 12641K, committed 12672K, reserved 1048576K
}
Event: 37.250 GC heap before
{Heap before GC invocations=21 (full 0):
 garbage-first heap   total 227328K, used 179650K [0x0000000080000000, 0x0000000100000000)
  region size 1024K, 94 young (96256K), 10 survivors (10240K)
 Metaspace       used 93372K, capacity 95591K, committed 95696K, reserved 1132544K
  class space    used 11866K, capacity 12641K, committed 12672K, reserved 1048576K
}
Event: 37.276 GC heap after
{Heap after GC invocations=22 (full 0):
 garbage-first heap   total 227328K, used 105136K [0x0000000080000000, 0x0000000100000000)
  region size 1024K, 12 young (12288K), 12 survivors (12288K)
 Metaspace       used 93372K, capacity 95591K, committed 95696K, reserved 1132544K
  class space    used 11866K, capacity 12641K, committed 12672K, reserved 1048576K
}
Event: 87.124 GC heap before
{Heap before GC invocations=22 (full 0):
 garbage-first heap   total 227328K, used 179888K [0x0000000080000000, 0x0000000100000000)
  region size 1024K, 85 young (87040K), 12 survivors (12288K)
 Metaspace       used 95794K, capacity 98238K, committed 98384K, reserved 1134592K
  class space    used 12222K, capacity 13050K, committed 13056K, reserved 1048576K
}
Event: 87.135 GC heap after
{Heap after GC invocations=23 (full 0):
 garbage-first heap   total 227328K, used 95477K [0x0000000080000000, 0x0000000100000000)
  region size 1024K, 4 young (4096K), 4 survivors (4096K)
 Metaspace       used 95794K, capacity 98238K, committed 98384K, reserved 1134592K
  class space    used 12222K, capacity 13050K, committed 13056K, reserved 1048576K
}
Event: 89.505 GC heap before
{Heap before GC invocations=23 (full 0):
 garbage-first heap   total 227328K, used 182517K [0x0000000080000000, 0x0000000100000000)
  region size 1024K, 87 young (89088K), 4 survivors (4096K)
 Metaspace       used 95813K, capacity 98272K, committed 98512K, reserved 1134592K
  class space    used 12225K, capacity 13083K, committed 13184K, reserved 1048576K
}
Event: 89.514 GC heap after
{Heap after GC invocations=24 (full 0):
 garbage-first heap   total 227328K, used 100547K [0x0000000080000000, 0x0000000100000000)
  region size 1024K, 7 young (7168K), 7 survivors (7168K)
 Metaspace       used 95813K, capacity 98272K, committed 98512K, reserved 1134592K
  class space    used 12225K, capacity 13083K, committed 13184K, reserved 1048576K
}

Deoptimization events (20 events):
Event: 88.873 Thread 0x000002a6ad87c000 Uncommon trap: trap_request=0xffffffbe fr.pc=0x000002a699c42d2c relative=0x00000000000008ac
Event: 88.873 Thread 0x000002a6ad87c000 Uncommon trap: reason=profile_predicate action=maybe_recompile pc=0x000002a699c42d2c method=java.util.regex.Pattern$CharPropertyGreedy.match(Ljava/util/regex/Matcher;ILjava/lang/CharSequence;)Z @ 12 c2
Event: 88.873 Thread 0x000002a6ad87c000 DEOPT PACKING pc=0x000002a699c42d2c sp=0x000000ba727fc360
Event: 88.873 Thread 0x000002a6ad87c000 DEOPT UNPACKING pc=0x000002a691bc78af sp=0x000000ba727fc300 mode 2
Event: 88.873 Thread 0x000002a6ad87c000 Uncommon trap: trap_request=0xffffffbe fr.pc=0x000002a699c42d2c relative=0x00000000000008ac
Event: 88.873 Thread 0x000002a6ad87c000 Uncommon trap: reason=profile_predicate action=maybe_recompile pc=0x000002a699c42d2c method=java.util.regex.Pattern$CharPropertyGreedy.match(Ljava/util/regex/Matcher;ILjava/lang/CharSequence;)Z @ 12 c2
Event: 88.873 Thread 0x000002a6ad87c000 DEOPT PACKING pc=0x000002a699c42d2c sp=0x000000ba727fc360
Event: 88.873 Thread 0x000002a6ad87c000 DEOPT UNPACKING pc=0x000002a691bc78af sp=0x000000ba727fc300 mode 2
Event: 89.107 Thread 0x000002a6ad87c000 Uncommon trap: trap_request=0xffffff4d fr.pc=0x000002a699c3bdd0 relative=0x0000000000002010
Event: 89.107 Thread 0x000002a6ad87c000 Uncommon trap: reason=unstable_if action=reinterpret pc=0x000002a699c3bdd0 method=org.objectweb.asm.Type.getArgumentsAndReturnSizes(Ljava/lang/String;)I @ 25 c2
Event: 89.107 Thread 0x000002a6ad87c000 DEOPT PACKING pc=0x000002a699c3bdd0 sp=0x000000ba727fbfa0
Event: 89.107 Thread 0x000002a6ad87c000 DEOPT UNPACKING pc=0x000002a691bc78af sp=0x000000ba727fbf10 mode 2
Event: 89.628 Thread 0x000002a6ad87c000 Uncommon trap: trap_request=0xffffffdc fr.pc=0x000002a699c5152c relative=0x000000000000026c
Event: 89.628 Thread 0x000002a6ad87c000 Uncommon trap: reason=class_check action=make_not_entrant pc=0x000002a699c5152c method=com.google.common.collect.Platform.copy([Ljava/lang/Object;II[Ljava/lang/Object;)[Ljava/lang/Object; @ 7 c2
Event: 89.628 Thread 0x000002a6ad87c000 DEOPT PACKING pc=0x000002a699c5152c sp=0x000000ba727fc0e0
Event: 89.628 Thread 0x000002a6ad87c000 DEOPT UNPACKING pc=0x000002a691bc78af sp=0x000000ba727fc010 mode 2
Event: 90.354 Thread 0x000002a6ad87c000 Uncommon trap: trap_request=0xffffff4d fr.pc=0x000002a699c470a0 relative=0x0000000000003560
Event: 90.354 Thread 0x000002a6ad87c000 Uncommon trap: reason=unstable_if action=reinterpret pc=0x000002a699c470a0 method=org.objectweb.asm.Type.getTypeInternal(Ljava/lang/String;II)Lorg/objectweb/asm/Type; @ 5 c2
Event: 90.354 Thread 0x000002a6ad87c000 DEOPT PACKING pc=0x000002a699c470a0 sp=0x000000ba727fc050
Event: 90.354 Thread 0x000002a6ad87c000 DEOPT UNPACKING pc=0x000002a691bc78af sp=0x000000ba727fbf00 mode 2

Classes redefined (0 events):
No events

Internal exceptions (20 events):
Event: 66.739 Thread 0x000002a6aee66800 Exception <a 'java/net/ConnectException'{0x000000008acb2c58}: Connection refused: connect> (0x000000008acb2c58) thrown at [./src/hotspot/share/prims/jni.cpp, line 636]
Event: 67.696 Thread 0x000002a6ad87c000 Exception <a 'java/net/ConnectException'{0x000000008ac6ad70}: Connection refused: connect> (0x000000008ac6ad70) thrown at [./src/hotspot/share/prims/jni.cpp, line 636]
Event: 68.774 Thread 0x000002a6aee66800 Exception <a 'java/net/ConnectException'{0x000000008acb3438}: Connection refused: connect> (0x000000008acb3438) thrown at [./src/hotspot/share/prims/jni.cpp, line 636]
Event: 69.755 Thread 0x000002a6ad87c000 Exception <a 'java/lang/NoSuchMethodError'{0x000000008ab162a0}: <clinit>> (0x000000008ab162a0) thrown at [./src/hotspot/share/prims/jni.cpp, line 1362]
Event: 69.761 Thread 0x000002a6ad87c000 Exception <a 'java/lang/NoSuchMethodError'{0x000000008ab43278}: <clinit>> (0x000000008ab43278) thrown at [./src/hotspot/share/prims/jni.cpp, line 1362]
Event: 69.778 Thread 0x000002a6ad878000 Exception <a 'java/lang/InterruptedException'{0x000000008ab81260}> (0x000000008ab81260) thrown at [./src/hotspot/share/runtime/objectMonitor.cpp, line 1635]
Event: 69.797 Thread 0x000002a6ad87c000 Exception <a 'java/lang/NoSuchMethodError'{0x000000008ab5f6f0}: <clinit>> (0x000000008ab5f6f0) thrown at [./src/hotspot/share/prims/jni.cpp, line 1362]
Event: 69.798 Thread 0x000002a6ad87c000 Exception <a 'java/lang/NoSuchMethodError'{0x000000008ab6f508}: <clinit>> (0x000000008ab6f508) thrown at [./src/hotspot/share/prims/jni.cpp, line 1362]
Event: 69.800 Thread 0x000002a6ad87c000 Exception <a 'java/lang/NoSuchMethodError'{0x000000008ab7f860}: <clinit>> (0x000000008ab7f860) thrown at [./src/hotspot/share/prims/jni.cpp, line 1362]
Event: 69.809 Thread 0x000002a6ad87c000 Exception <a 'java/lang/NoSuchMethodError'{0x000000008abb2870}: <clinit>> (0x000000008abb2870) thrown at [./src/hotspot/share/prims/jni.cpp, line 1362]
Event: 69.843 Thread 0x000002a6ad87c000 Exception <a 'java/lang/NoSuchMethodError'{0x000000008aab1048}: <clinit>> (0x000000008aab1048) thrown at [./src/hotspot/share/prims/jni.cpp, line 1362]
Event: 69.859 Thread 0x000002a6ad87c000 Exception <a 'java/lang/NoSuchMethodError'{0x000000008a921bb0}: <clinit>> (0x000000008a921bb0) thrown at [./src/hotspot/share/prims/jni.cpp, line 1362]
Event: 70.085 Thread 0x000002a6ad876800 Exception <a 'java/lang/NoSuchMethodError'{0x000000008a743120}: 'java.lang.Object java.lang.invoke.DirectMethodHandle$Holder.invokeStatic(java.lang.Object, java.lang.Object, java.lang.Object, java.lang.Object, java.lang.Object, java.lang.Object, java.lang.Object, java.lang.Object, java.lang.Object, java.lang.Object, java.lang.Object, java.lang.Object, java.lang.Object, int)'> (0x000000008a743120) thrown at [./src/hotspot/share/interpreter/linkResolver.cpp, line 773]
Event: 70.088 Thread 0x000002a6ad876800 Exception <a 'java/lang/NoSuchMethodError'{0x000000008a74f948}: 'java.lang.Object java.lang.invoke.DirectMethodHandle$Holder.invokeStatic(java.lang.Object, java.lang.Object, java.lang.Object, java.lang.Object, java.lang.Object, java.lang.Object, java.lang.Object, java.lang.Object, java.lang.Object, java.lang.Object, java.lang.Object, java.lang.Object, java.lang.Object, int, int)'> (0x000000008a74f948) thrown at [./src/hotspot/share/interpreter/linkResolver.cpp, line 773]
Event: 70.829 Thread 0x000002a6aee66800 Exception <a 'java/net/ConnectException'{0x000000008acb3c18}: Connection refused: connect> (0x000000008acb3c18) thrown at [./src/hotspot/share/prims/jni.cpp, line 636]
Event: 79.606 Thread 0x000002a6aee66800 Exception <a 'java/net/ConnectException'{0x000000008acb48a8}: Connection refused: connect> (0x000000008acb48a8) thrown at [./src/hotspot/share/prims/jni.cpp, line 636]
Event: 81.942 Thread 0x000002a6aee66800 Exception <a 'java/net/ConnectException'{0x000000008a7c0928}: Connection refused: connect> (0x000000008a7c0928) thrown at [./src/hotspot/share/prims/jni.cpp, line 636]
Event: 84.502 Thread 0x000002a6aee66800 Exception <a 'java/net/ConnectException'{0x000000008a7c1108}: Connection refused: connect> (0x000000008a7c1108) thrown at [./src/hotspot/share/prims/jni.cpp, line 636]
Event: 89.514 Thread 0x000002a6aee66800 Exception <a 'java/net/ConnectException'{0x000000008dd00848}: Connection refused: connect> (0x000000008dd00848) thrown at [./src/hotspot/share/prims/jni.cpp, line 636]
Event: 90.497 Thread 0x000002a6ad87c000 Exception <a 'java/lang/OutOfMemoryError'{0x00000000899da350}> (0x00000000899da350) thrown at [./src/hotspot/share/prims/jni.cpp, line 636]

Events (20 events):
Event: 87.139 Executing VM operation: RevokeBias done
Event: 87.139 Executing VM operation: RevokeBias
Event: 87.140 Executing VM operation: RevokeBias done
Event: 87.140 Executing VM operation: RevokeBias
Event: 87.140 Executing VM operation: RevokeBias done
Event: 87.141 Executing VM operation: RevokeBias
Event: 87.142 Executing VM operation: RevokeBias done
Event: 87.142 Executing VM operation: RevokeBias
Event: 87.142 Executing VM operation: RevokeBias done
Event: 87.143 loading class sun/rmi/transport/DGCClient$EndpointEntry$CleanRequest
Event: 87.145 loading class sun/rmi/transport/DGCClient$EndpointEntry$CleanRequest done
Event: 87.153 Executing VM operation: RevokeBias
Event: 87.153 Executing VM operation: RevokeBias done
Event: 87.153 Thread 0x000002a6ad878000 Thread exited: 0x000002a6ad878000
Event: 88.855 loading class org/gradle/internal/normalization/java/impl/AnnotationAnnotationValue
Event: 88.855 loading class org/gradle/internal/normalization/java/impl/AnnotationAnnotationValue done
Event: 89.505 Executing VM operation: G1CollectForAllocation
Event: 89.514 Executing VM operation: G1CollectForAllocation done
Event: 90.497 loading class java/util/zip/DataFormatException
Event: 90.498 loading class java/util/zip/DataFormatException done


Dynamic libraries:
0x00007ff6fa4c0000 - 0x00007ff6fa4ca000 	C:\Program Files\Android\Android Studio\jre\bin\java.exe
0x00007fffaf810000 - 0x00007fffafa05000 	C:\WINDOWS\SYSTEM32\ntdll.dll
0x00007fffaf0d0000 - 0x00007fffaf18d000 	C:\WINDOWS\System32\KERNEL32.DLL
0x00007fffad0b0000 - 0x00007fffad379000 	C:\WINDOWS\System32\KERNELBASE.dll
0x00007fffad4b0000 - 0x00007fffad5b0000 	C:\WINDOWS\System32\ucrtbase.dll
0x00007fff916f0000 - 0x00007fff91707000 	C:\Program Files\Android\Android Studio\jre\bin\VCRUNTIME140.dll
0x00007fff8fba0000 - 0x00007fff8fbb9000 	C:\Program Files\Android\Android Studio\jre\bin\jli.dll
0x00007fffaf270000 - 0x00007fffaf410000 	C:\WINDOWS\System32\USER32.dll
0x00007fffad480000 - 0x00007fffad4a2000 	C:\WINDOWS\System32\win32u.dll
0x00007fff9dad0000 - 0x00007fff9dd6a000 	C:\WINDOWS\WinSxS\amd64_microsoft.windows.common-controls_6595b64144ccf1df_6.0.19041.1110_none_60b5254171f9507e\COMCTL32.dll
0x00007fffaecf0000 - 0x00007fffaed1a000 	C:\WINDOWS\System32\GDI32.dll
0x00007fffad760000 - 0x00007fffad86b000 	C:\WINDOWS\System32\gdi32full.dll
0x00007fffad380000 - 0x00007fffad41d000 	C:\WINDOWS\System32\msvcp_win.dll
0x00007fffaf540000 - 0x00007fffaf5de000 	C:\WINDOWS\System32\msvcrt.dll
0x00007fffadb00000 - 0x00007fffadb30000 	C:\WINDOWS\System32\IMM32.DLL
0x00007fff788b0000 - 0x00007fff7894d000 	C:\Program Files\Android\Android Studio\jre\bin\msvcp140.dll
0x00007fff50ba0000 - 0x00007fff5166f000 	C:\Program Files\Android\Android Studio\jre\bin\server\jvm.dll
0x00007fffaeea0000 - 0x00007fffaef4c000 	C:\WINDOWS\System32\ADVAPI32.dll
0x00007fffad920000 - 0x00007fffad9bb000 	C:\WINDOWS\System32\sechost.dll
0x00007fffaf410000 - 0x00007fffaf53a000 	C:\WINDOWS\System32\RPCRT4.dll
0x00007fffad870000 - 0x00007fffad878000 	C:\WINDOWS\System32\PSAPI.DLL
0x00007fffa02f0000 - 0x00007fffa02fa000 	C:\WINDOWS\SYSTEM32\VERSION.dll
0x00007fffa6fc0000 - 0x00007fffa6fc9000 	C:\WINDOWS\SYSTEM32\WSOCK32.dll
0x00007fff99fe0000 - 0x00007fff9a007000 	C:\WINDOWS\SYSTEM32\WINMM.dll
0x00007fffaef50000 - 0x00007fffaefbb000 	C:\WINDOWS\System32\ws2_32.DLL
0x00007fffab800000 - 0x00007fffab812000 	C:\WINDOWS\SYSTEM32\kernel.appcore.dll
0x00007fff91f20000 - 0x00007fff91f31000 	C:\Program Files\Android\Android Studio\jre\bin\verify.dll
0x00007fffab5a0000 - 0x00007fffab784000 	C:\WINDOWS\SYSTEM32\DBGHELP.DLL
0x00007fff9ca90000 - 0x00007fff9cabc000 	C:\WINDOWS\SYSTEM32\dbgcore.DLL
0x00007fffacf40000 - 0x00007fffacfc3000 	C:\WINDOWS\System32\bcryptPrimitives.dll
0x00007fff91a70000 - 0x00007fff91a99000 	C:\Program Files\Android\Android Studio\jre\bin\java.dll
0x00007fffa7000000 - 0x00007fffa700b000 	C:\Program Files\Android\Android Studio\jre\bin\jimage.dll
0x00007fff91a50000 - 0x00007fff91a68000 	C:\Program Files\Android\Android Studio\jre\bin\zip.dll
0x00007fffae5b0000 - 0x00007fffaecef000 	C:\WINDOWS\System32\SHELL32.dll
0x00007fffaacd0000 - 0x00007fffab460000 	C:\WINDOWS\SYSTEM32\windows.storage.dll
0x00007fffae1f0000 - 0x00007fffae545000 	C:\WINDOWS\System32\combase.dll
0x00007fffac8d0000 - 0x00007fffac8fc000 	C:\WINDOWS\SYSTEM32\Wldp.dll
0x00007fffaedf0000 - 0x00007fffaee9e000 	C:\WINDOWS\System32\SHCORE.dll
0x00007fffaed20000 - 0x00007fffaed75000 	C:\WINDOWS\System32\shlwapi.dll
0x00007ffface80000 - 0x00007ffface9f000 	C:\WINDOWS\SYSTEM32\profapi.dll
0x00007fff916d0000 - 0x00007fff916ea000 	C:\Program Files\Android\Android Studio\jre\bin\net.dll
0x00007fffa1f90000 - 0x00007fffa2098000 	C:\WINDOWS\SYSTEM32\WINHTTP.dll
0x00007fffac630000 - 0x00007fffac69a000 	C:\WINDOWS\system32\mswsock.dll
0x00007fff915f0000 - 0x00007fff91604000 	C:\Program Files\Android\Android Studio\jre\bin\nio.dll
0x00007fff8f280000 - 0x00007fff8f2a7000 	C:\Users\YASIR RAZA\.gradle\native\f6784746aeab05261644944871eae4fe03e0ef1612fff0a4a95f87b438bc6780\windows-amd64\native-platform.dll
0x00007fffa5580000 - 0x00007fffa558a000 	C:\Program Files\Android\Android Studio\jre\bin\management.dll
0x00007fff96040000 - 0x00007fff9604c000 	C:\Program Files\Android\Android Studio\jre\bin\management_ext.dll
0x00007fffac830000 - 0x00007fffac848000 	C:\WINDOWS\SYSTEM32\CRYPTSP.dll
0x00007fffabfb0000 - 0x00007fffabfe4000 	C:\WINDOWS\system32\rsaenh.dll
0x00007fffacfd0000 - 0x00007fffacff7000 	C:\WINDOWS\System32\bcrypt.dll
0x00007ffface40000 - 0x00007ffface6e000 	C:\WINDOWS\SYSTEM32\USERENV.dll
0x00007fffac820000 - 0x00007fffac82c000 	C:\WINDOWS\SYSTEM32\CRYPTBASE.dll
0x00007fffac320000 - 0x00007fffac35b000 	C:\WINDOWS\SYSTEM32\IPHLPAPI.DLL
0x00007fffad9c0000 - 0x00007fffad9c8000 	C:\WINDOWS\System32\NSI.dll
0x00007fffa1b30000 - 0x00007fffa1b47000 	C:\WINDOWS\SYSTEM32\dhcpcsvc6.DLL
0x00007fffa1ee0000 - 0x00007fffa1efd000 	C:\WINDOWS\SYSTEM32\dhcpcsvc.DLL
0x00007fffac360000 - 0x00007fffac42c000 	C:\WINDOWS\SYSTEM32\DNSAPI.dll
0x00007fffa2250000 - 0x00007fffa225b000 	C:\WINDOWS\SYSTEM32\WINNSI.DLL
0x00007fff91580000 - 0x00007fff915a7000 	C:\Program Files\Android\Android Studio\jre\bin\sunec.dll
0x00007fff98ba0000 - 0x00007fff98baa000 	C:\Windows\System32\rasadhlp.dll
0x00007fff9c830000 - 0x00007fff9c8af000 	C:\WINDOWS\System32\fwpuclnt.dll
0x00007fffaa500000 - 0x00007fffaa590000 	C:\WINDOWS\system32\apphelp.dll
0x00007fff87180000 - 0x00007fff8719e000 	C:\Users\YASIR RAZA\AppData\Local\Temp\native-platform4803294531018954091dir\native-platform.dll
0x00007fffaa470000 - 0x00007fffaa478000 	C:\Program Files\Android\Android Studio\jre\bin\rmi.dll

dbghelp: loaded successfully - version: 4.0.5 - missing functions: none
symbol engine: initialized successfully - sym options: 0x614 - pdb path: .;C:\Program Files\Android\Android Studio\jre\bin;C:\WINDOWS\SYSTEM32;C:\WINDOWS\WinSxS\amd64_microsoft.windows.common-controls_6595b64144ccf1df_6.0.19041.1110_none_60b5254171f9507e;C:\Program Files\Android\Android Studio\jre\bin\server;C:\Users\YASIR RAZA\.gradle\native\f6784746aeab05261644944871eae4fe03e0ef1612fff0a4a95f87b438bc6780\windows-amd64;C:\Users\YASIR RAZA\AppData\Local\Temp\native-platform4803294531018954091dir

VM Arguments:
jvm_args: --add-opens=java.base/java.util=ALL-UNNAMED --add-opens=java.base/java.lang=ALL-UNNAMED --add-opens=java.base/java.lang.invoke=ALL-UNNAMED --add-opens=java.prefs/java.util.prefs=ALL-UNNAMED -Xmx2048m -Dfile.encoding=windows-1252 -Duser.country=US -Duser.language=en -Duser.variant 
java_command: org.gradle.launcher.daemon.bootstrap.GradleDaemon 6.5
java_class_path (initial): C:\Users\YASIR RAZA\.gradle\wrapper\dists\gradle-6.5-all\2oz4ud9k3tuxjg84bbf55q0tn\gradle-6.5\lib\gradle-launcher-6.5.jar
Launcher Type: SUN_STANDARD

[Global flags]
     intx CICompilerCount                          = 3                                         {product} {ergonomic}
     uint ConcGCThreads                            = 1                                         {product} {ergonomic}
     uint G1ConcRefinementThreads                  = 4                                         {product} {ergonomic}
   size_t G1HeapRegionSize                         = 1048576                                   {product} {ergonomic}
    uintx GCDrainStackTargetSize                   = 64                                        {product} {ergonomic}
   size_t InitialHeapSize                          = 134217728                                 {product} {ergonomic}
   size_t MarkStackSize                            = 4194304                                   {product} {ergonomic}
   size_t MaxHeapSize                              = 2147483648                                {product} {command line}
   size_t MaxNewSize                               = 1287651328                                {product} {ergonomic}
   size_t MinHeapDeltaBytes                        = 1048576                                   {product} {ergonomic}
    uintx NonNMethodCodeHeapSize                   = 5830732                                {pd product} {ergonomic}
    uintx NonProfiledCodeHeapSize                  = 122913754                              {pd product} {ergonomic}
    uintx ProfiledCodeHeapSize                     = 122913754                              {pd product} {ergonomic}
    uintx ReservedCodeCacheSize                    = 251658240                              {pd product} {ergonomic}
     bool SegmentedCodeCache                       = true                                      {product} {ergonomic}
     bool UseCompressedClassPointers               = true                                 {lp64_product} {ergonomic}
     bool UseCompressedOops                        = true                                 {lp64_product} {ergonomic}
     bool UseG1GC                                  = true                                      {product} {ergonomic}
     bool UseLargePagesIndividualAllocation        = false                                  {pd product} {ergonomic}

Logging:
Log output configuration:
 #0: stdout all=warning uptime,level,tags
 #1: stderr all=off uptime,level,tags

Environment Variables:
PATH=C:\ProgramData\Oracle\Java\javapath;C:\Windows\system32;C:\Windows;C:\Windows\System32\Wbem;C:\Windows\System32\WindowsPowerShell\v1.0\;C:\Users\YASIR RAZA\AppData\Local\Microsoft\WindowsApps;C:\adb;C:\WINDOWS\system32;C:\WINDOWS;C:\WINDOWS\System32\Wbem;C:\WINDOWS\System32\WindowsPowerShell\v1.0\;C:\WINDOWS\System32\OpenSSH\;C:\Program Files\Java\jre1.8.0_211\bin;C:\Program Files\Git\cmd;C:\MinGW\bin;C:\Program Files (x86)\dotnet\;C:\Users\YASIR RAZA\AppData\Local\Microsoft\WindowsApps;C:\Program Files\JetBrains\PyCharm Community Edition 2019.1.2\bin;C:\Users\YASIR RAZA\AppData\Local\GitHubDesktop\bin;C:\Users\YASIR RAZA\AppData\Local\Microsoft\WindowsApps;C:\Program Files\JetBrains\IntelliJ IDEA Educational Edition 2020.1\bin;;C:\src\flutter\bin;C:\Users\YASIR RAZA\AppData\Local\Programs\Microsoft VS Code\bin
USERNAME=bingJunior
OS=Windows_NT
PROCESSOR_IDENTIFIER=Intel64 Family 6 Model 61 Stepping 4, GenuineIntel



---------------  S Y S T E M  ---------------

OS: Windows 10 , 64 bit Build 19041 (10.0.19041.1151)
OS uptime: 4 days 14:36 hours

CPU:total 4 (initial active 4) (2 cores per cpu, 2 threads per core) family 6 model 61 stepping 4 microcode 0x2f, cmov, cx8, fxsr, mmx, sse, sse2, sse3, ssse3, sse4.1, sse4.2, popcnt, avx, avx2, aes, clmul, erms, 3dnowpref, lzcnt, ht, tsc, tscinvbit, bmi1, bmi2, adx, fma

Memory: 4k page, system-wide physical 8101M (239M free)
TotalPageFile size 12101M (AvailPageFile size 71M)
current process WorkingSet (physical memory assigned to process): 387M, peak: 479M
current process commit charge ("private bytes"): 499M, peak: 748M

vm_info: OpenJDK 64-Bit Server VM (11.0.10+0-b96-7249189) for windows-amd64 JRE (11.0.10+0-b96-7249189), built on Mar 31 2021 21:44:00 by "builder" with MS VC++ 14.0 (VS2015)

END.
